<?xml version="1.0" encoding="UTF-8"?>
<testsuites name="validation" tests="4" time="1.552">
  <testsuite name="Create Employee validation" id="90bec762-37e4-423d-8d2e-5b83e4cbe61e" timestamp="2022-10-25T12:33:08.025Z" tests="0" failures="0" errors="0" time="0.564"/>
  <testsuite name="Get All Employees" id="72761064-823e-4f0a-b74a-6cc85396337d" timestamp="2022-10-25T12:33:08.025Z" tests="2" failures="0" errors="0" time="0.366">
    <testcase name="Status code is 200" time="0.366" classname="Validation"/>
    <testcase name="Validate schema" time="0.366" classname="Validation"/>
  </testsuite>
  <testsuite name="Update Employee" id="af7b581d-5e3b-4c8f-a290-9ffe90b27551" timestamp="2022-10-25T12:33:08.025Z" tests="0" failures="0" errors="0" time="0.300"/>
  <testsuite name="Delete Employee" id="aa02e052-a590-4c10-ad7a-42f21ebbb843" timestamp="2022-10-25T12:33:08.025Z" tests="4" failures="0" errors="0" time="0.322">
    <testcase name="Successful response" time="0.322" classname="Validation"/>
    <testcase name="Status code is 200" time="0.322" classname="Validation"/>
    <testcase name="Validate schema" time="0.322" classname="Validation"/>
    <testcase name="Validate Message" time="0.322" classname="Validation"/>
  </testsuite>
</testsuites>