<?xml version="1.0" encoding="UTF-8"?>
<testsuites name="validation" tests="4" time="1.516">
  <testsuite name="Create Employee validation" id="54893f08-c234-4124-bcf2-5e3ccb688b5b" timestamp="2022-10-25T12:26:38.024Z" tests="0" failures="0" errors="0" time="0.534"/>
  <testsuite name="Get All Employees" id="7407481a-568e-4278-af23-943921daeebe" timestamp="2022-10-25T12:26:38.024Z" tests="2" failures="0" errors="0" time="0.382">
    <testcase name="Status code is 200" time="0.382" classname="Validation"/>
    <testcase name="Validate schema" time="0.382" classname="Validation"/>
  </testsuite>
  <testsuite name="Update Employee" id="c7f3e6a9-2723-44f7-8352-b72e397b14a5" timestamp="2022-10-25T12:26:38.024Z" tests="2" failures="0" errors="0" time="0.283">
    <testcase name="Status code is 200" time="0.283" classname="Validation"/>
    <testcase name="Validate schema" time="0.283" classname="Validation"/>
  </testsuite>
  <testsuite name="Delete Employee" id="d2077e73-a761-4715-b94b-ecde1d1a7307" timestamp="2022-10-25T12:26:38.024Z" tests="4" failures="0" errors="0" time="0.317">
    <testcase name="Successful response" time="0.317" classname="Validation"/>
    <testcase name="Status code is 200" time="0.317" classname="Validation"/>
    <testcase name="Validate schema" time="0.317" classname="Validation"/>
    <testcase name="Validate Message" time="0.317" classname="Validation"/>
  </testsuite>
</testsuites>