<?xml version="1.0" encoding="UTF-8"?>
<testsuites name="regression test" tests="5" time="2.100">
  <testsuite name="Create Employee" id="7758abcc-f9c0-4793-b99b-d55d9f0ba8e5" timestamp="2022-10-25T12:33:03.517Z" tests="1" failures="0" errors="0" time="0.685">
    <testcase name="Successful response" time="0.685" classname="RegressionTest"/>
  </testsuite>
  <testsuite name="Get All Employees" id="33806729-b3ab-485a-95e0-9b8993d65ed5" timestamp="2022-10-25T12:33:03.517Z" tests="0" failures="0" errors="0" time="0.375"/>
  <testsuite name="Get Employee" id="774dda5b-66ba-4279-b26c-96ed77d44552" timestamp="2022-10-25T12:33:03.517Z" tests="1" failures="0" errors="0" time="0.366">
    <testcase name="Status code is 200" time="0.366" classname="RegressionTest"/>
  </testsuite>
  <testsuite name="Update Employee" id="5df53093-1ee4-4ed9-8928-82225b1bdb3e" timestamp="2022-10-25T12:33:03.517Z" tests="1" failures="0" errors="0" time="0.310">
    <testcase name="Successful response" time="0.310" classname="RegressionTest"/>
  </testsuite>
  <testsuite name="Delete employee" id="739cfae7-5d4d-4085-a1d2-a9fc749dfcd7" timestamp="2022-10-25T12:33:03.517Z" tests="1" failures="0" errors="0" time="0.364">
    <testcase name="Status code is 200" time="0.364" classname="RegressionTest"/>
  </testsuite>
</testsuites>