<?xml version="1.0" encoding="UTF-8"?>
<testsuites name="regression test" tests="5" time="1.934">
  <testsuite name="Create Employee" id="7f83e4c6-1042-4f31-a653-19055118c749" timestamp="2022-10-25T12:26:33.897Z" tests="0" failures="0" errors="0" time="0.605"/>
  <testsuite name="Get All Employees" id="5c999bf2-ebe7-4485-b463-7bccaa6bf4e4" timestamp="2022-10-25T12:26:33.897Z" tests="1" failures="0" errors="0" time="0.372">
    <testcase name="Successful response" time="0.372" classname="RegressionTest"/>
  </testsuite>
  <testsuite name="Get Employee" id="76ba6bb7-5abf-4636-8477-93921b32b7b3" timestamp="2022-10-25T12:26:33.897Z" tests="1" failures="0" errors="0" time="0.365">
    <testcase name="Status code is 200" time="0.365" classname="RegressionTest"/>
  </testsuite>
  <testsuite name="Update Employee" id="1f11c7cc-748f-43c4-8bc8-d3a9a5590754" timestamp="2022-10-25T12:26:33.897Z" tests="1" failures="0" errors="0" time="0.292">
    <testcase name="Successful response" time="0.292" classname="RegressionTest"/>
  </testsuite>
  <testsuite name="Delete employee" id="8a2b6338-09d3-40bf-a2d8-994ae6bf3171" timestamp="2022-10-25T12:26:33.897Z" tests="0" failures="0" errors="0" time="0.300"/>
</testsuites>